<?xml version="1.0" encoding="UTF-8"?>
<!-- Generated by org.testng.reporters.JUnitReportReporter -->
<testsuite skipped="0" hostname="Krishnas-MacBook-Air.local" name="com.qa.opencart.tests.LoginPageTest" tests="3" failures="0" timestamp="16 Mar 2023 07:04:47 GMT" time="4.302" errors="0">
  <testcase name="loginPageNavigationTest" time="2.284" classname="com.qa.opencart.tests.LoginPageTest"/>
  <testcase name="checkForgotPassword_LinkExists" time="0.072" classname="com.qa.opencart.tests.LoginPageTest"/>
  <testcase name="userLoginIn" time="1.946" classname="com.qa.opencart.tests.LoginPageTest"/>
</testsuite> <!-- com.qa.opencart.tests.LoginPageTest -->
