<?xml version="1.0" encoding="UTF-8"?>
<!-- Generated by org.testng.reporters.JUnitReportReporter -->
<testsuite skipped="0" hostname="Krishnas-MacBook-Air.local" name="com.qa.opencart.tests.HomePageTest" tests="4" failures="0" timestamp="16 Mar 2023 07:04:47 GMT" time="3.347" errors="0">
  <testcase name="homePageUlrTest" time="0.006" classname="com.qa.opencart.tests.HomePageTest"/>
  <testcase name="homePageTitleTest" time="0.069" classname="com.qa.opencart.tests.HomePageTest"/>
  <testcase name="searchTest" time="0.856" classname="com.qa.opencart.tests.HomePageTest"/>
  <testcase name="searchTest" time="2.416" classname="com.qa.opencart.tests.HomePageTest"/>
</testsuite> <!-- com.qa.opencart.tests.HomePageTest -->
